

Started GET "/" for 127.0.0.1 at 2016-03-01 11:54:50 +0530
Processing by Rails::WelcomeController#index as HTML
  Rendered /home/mybms/.rvm/gems/ruby-2.2.3@rails4/gems/railties-4.2.4/lib/rails/templates/rails/welcome/index.html.erb (4.9ms)
Completed 200 OK in 42ms (Views: 21.5ms | ActiveRecord: 0.0ms)


Started GET "/rails/info/properties" for 127.0.0.1 at 2016-03-01 11:55:12 +0530
Processing by Rails::InfoController#properties as */*
  Rendered /home/mybms/.rvm/gems/ruby-2.2.3@rails4/gems/railties-4.2.4/lib/rails/templates/rails/info/properties.html.erb (0.8ms)
Completed 200 OK in 79ms (Views: 14.7ms | ActiveRecord: 3.0ms)


Started GET "/" for 127.0.0.1 at 2016-03-01 12:08:32 +0530
Processing by Rails::WelcomeController#index as HTML
  Rendered /home/mybms/.rvm/gems/ruby-2.2.3@rails4/gems/railties-4.2.4/lib/rails/templates/rails/welcome/index.html.erb (6.1ms)
Completed 200 OK in 47ms (Views: 25.5ms | ActiveRecord: 0.0ms)


Started GET "/" for 127.0.0.1 at 2016-03-01 12:08:37 +0530
Processing by Rails::WelcomeController#index as HTML
  Rendered /home/mybms/.rvm/gems/ruby-2.2.3@rails4/gems/railties-4.2.4/lib/rails/templates/rails/welcome/index.html.erb (0.1ms)
Completed 200 OK in 6ms (Views: 4.2ms | ActiveRecord: 0.0ms)


Started GET "/" for 127.0.0.1 at 2016-03-01 12:08:46 +0530

NoMethodError (undefined method `route' for #<ActionDispatch::Routing::Mapper:0x00000004255a68>):
  config/routes.rb:3:in `block in <top (required)>'
  config/routes.rb:1:in `<top (required)>'


  Rendered /home/mybms/.rvm/gems/ruby-2.2.3@rails4/gems/actionpack-4.2.4/lib/action_dispatch/middleware/templates/rescues/_source.erb (12.2ms)
  Rendered /home/mybms/.rvm/gems/ruby-2.2.3@rails4/gems/actionpack-4.2.4/lib/action_dispatch/middleware/templates/rescues/_trace.html.erb (7.3ms)
  Rendered /home/mybms/.rvm/gems/ruby-2.2.3@rails4/gems/actionpack-4.2.4/lib/action_dispatch/middleware/templates/rescues/_request_and_response.html.erb (2.6ms)
  Rendered /home/mybms/.rvm/gems/ruby-2.2.3@rails4/gems/actionpack-4.2.4/lib/action_dispatch/middleware/templates/rescues/diagnostics.html.erb within rescues/layout (53.7ms)
  Rendered /home/mybms/.rvm/gems/ruby-2.2.3@rails4/gems/web-console-2.3.0/lib/web_console/templates/_markup.html.erb (1.0ms)
  Rendered /home/mybms/.rvm/gems/ruby-2.2.3@rails4/gems/web-console-2.3.0/lib/web_console/templates/_inner_console_markup.html.erb within layouts/inlined_string (1.1ms)
  Rendered /home/mybms/.rvm/gems/ruby-2.2.3@rails4/gems/web-console-2.3.0/lib/web_console/templates/_prompt_box_markup.html.erb within layouts/inlined_string (0.7ms)
  Rendered /home/mybms/.rvm/gems/ruby-2.2.3@rails4/gems/web-console-2.3.0/lib/web_console/templates/style.css.erb within layouts/inlined_string (0.9ms)
  Rendered /home/mybms/.rvm/gems/ruby-2.2.3@rails4/gems/web-console-2.3.0/lib/web_console/templates/console.js.erb within layouts/javascript (57.2ms)
  Rendered /home/mybms/.rvm/gems/ruby-2.2.3@rails4/gems/web-console-2.3.0/lib/web_console/templates/main.js.erb within layouts/javascript (1.0ms)
  Rendered /home/mybms/.rvm/gems/ruby-2.2.3@rails4/gems/web-console-2.3.0/lib/web_console/templates/error_page.js.erb within layouts/javascript (1.0ms)
  Rendered /home/mybms/.rvm/gems/ruby-2.2.3@rails4/gems/web-console-2.3.0/lib/web_console/templates/index.html.erb (103.3ms)


Started GET "/" for 127.0.0.1 at 2016-03-01 12:09:39 +0530
Processing by PagesController#home as HTML
  Rendered pages/home.html.erb within layouts/application (0.9ms)
Completed 200 OK in 3385ms (Views: 3384.2ms | ActiveRecord: 0.0ms)


Started GET "/assets/pages.self-e3b0c44298fc1c149afbf4c8996fb92427ae41e4649b934ca495991b7852b855.css?body=1" for 127.0.0.1 at 2016-03-01 12:09:43 +0530


Started GET "/assets/jquery_ujs.self-d602bdfe68ffc63b9f9cc512872aa3cfff046228a0a36e90dd476e8ef54c1b09.js?body=1" for 127.0.0.1 at 2016-03-01 12:09:43 +0530


Started GET "/assets/application.self-e80e8f2318043e8af94dddc2adad5a4f09739a8ebb323b3ab31cd71d45fd9113.css?body=1" for 127.0.0.1 at 2016-03-01 12:09:43 +0530


Started GET "/assets/jquery.self-c64a74367bda6ef8b860f19e74df08927ca99d2be2ac934e9e92d5fd361e0da4.js?body=1" for 127.0.0.1 at 2016-03-01 12:09:43 +0530


Started GET "/assets/turbolinks.self-c37727e9bd6b2735da5c311aa83fead54ed0be6cc8bd9a65309e9c5abe2cbfff.js?body=1" for 127.0.0.1 at 2016-03-01 12:09:43 +0530


Started GET "/assets/pages.self-877aef30ae1b040ab8a3aba4e3e309a11d7f2612f44dde450b5c157aa5f95c05.js?body=1" for 127.0.0.1 at 2016-03-01 12:09:43 +0530


Started GET "/assets/application.self-3b8dabdc891efe46b9a144b400ad69e37d7e5876bdc39dee783419a69d7ca819.js?body=1" for 127.0.0.1 at 2016-03-01 12:09:43 +0530


Started GET "/" for 127.0.0.1 at 2016-03-01 12:10:33 +0530
Processing by PagesController#home as HTML
  Rendered pages/home.html.erb within layouts/application (2.7ms)
Completed 200 OK in 61ms (Views: 59.3ms | ActiveRecord: 0.0ms)


Started GET "/assets/jquery.self-c64a74367bda6ef8b860f19e74df08927ca99d2be2ac934e9e92d5fd361e0da4.js?body=1" for 127.0.0.1 at 2016-03-01 12:10:33 +0530


Started GET "/assets/jquery_ujs.self-d602bdfe68ffc63b9f9cc512872aa3cfff046228a0a36e90dd476e8ef54c1b09.js?body=1" for 127.0.0.1 at 2016-03-01 12:10:33 +0530


Started GET "/assets/application.self-e80e8f2318043e8af94dddc2adad5a4f09739a8ebb323b3ab31cd71d45fd9113.css?body=1" for 127.0.0.1 at 2016-03-01 12:10:33 +0530


Started GET "/assets/pages.self-e3b0c44298fc1c149afbf4c8996fb92427ae41e4649b934ca495991b7852b855.css?body=1" for 127.0.0.1 at 2016-03-01 12:10:33 +0530


Started GET "/assets/turbolinks.self-c37727e9bd6b2735da5c311aa83fead54ed0be6cc8bd9a65309e9c5abe2cbfff.js?body=1" for 127.0.0.1 at 2016-03-01 12:10:33 +0530


Started GET "/assets/pages.self-877aef30ae1b040ab8a3aba4e3e309a11d7f2612f44dde450b5c157aa5f95c05.js?body=1" for 127.0.0.1 at 2016-03-01 12:10:33 +0530


Started GET "/assets/application.self-3b8dabdc891efe46b9a144b400ad69e37d7e5876bdc39dee783419a69d7ca819.js?body=1" for 127.0.0.1 at 2016-03-01 12:10:33 +0530


Started GET "/" for 127.0.0.1 at 2016-03-01 12:12:27 +0530
Processing by PagesController#home as HTML
  Rendered pages/home.html.erb within layouts/application (15.6ms)
Completed 500 Internal Server Error in 24ms (ActiveRecord: 0.0ms)

ActionView::Template::Error (uninitialized constant ActionView::CompiledTemplates::World):
    1: <h1>Hi, This is my first Application.......... </h1>
    2: <%= Hello World %>
  app/views/pages/home.html.erb:2:in `_app_views_pages_home_html_erb__1475334168591239305_37443120'


  Rendered /home/mybms/.rvm/gems/ruby-2.2.3@rails4/gems/actionpack-4.2.4/lib/action_dispatch/middleware/templates/rescues/_source.erb (22.2ms)
  Rendered /home/mybms/.rvm/gems/ruby-2.2.3@rails4/gems/actionpack-4.2.4/lib/action_dispatch/middleware/templates/rescues/_trace.html.erb (10.8ms)
  Rendered /home/mybms/.rvm/gems/ruby-2.2.3@rails4/gems/actionpack-4.2.4/lib/action_dispatch/middleware/templates/rescues/_request_and_response.html.erb (2.8ms)
  Rendered /home/mybms/.rvm/gems/ruby-2.2.3@rails4/gems/actionpack-4.2.4/lib/action_dispatch/middleware/templates/rescues/template_error.html.erb within rescues/layout (63.2ms)
  Rendered /home/mybms/.rvm/gems/ruby-2.2.3@rails4/gems/web-console-2.3.0/lib/web_console/templates/_markup.html.erb (1.0ms)
  Rendered /home/mybms/.rvm/gems/ruby-2.2.3@rails4/gems/web-console-2.3.0/lib/web_console/templates/_inner_console_markup.html.erb within layouts/inlined_string (2.4ms)
  Rendered /home/mybms/.rvm/gems/ruby-2.2.3@rails4/gems/web-console-2.3.0/lib/web_console/templates/_prompt_box_markup.html.erb within layouts/inlined_string (0.8ms)
  Rendered /home/mybms/.rvm/gems/ruby-2.2.3@rails4/gems/web-console-2.3.0/lib/web_console/templates/style.css.erb within layouts/inlined_string (0.8ms)
  Rendered /home/mybms/.rvm/gems/ruby-2.2.3@rails4/gems/web-console-2.3.0/lib/web_console/templates/console.js.erb within layouts/javascript (37.1ms)
  Rendered /home/mybms/.rvm/gems/ruby-2.2.3@rails4/gems/web-console-2.3.0/lib/web_console/templates/main.js.erb within layouts/javascript (1.1ms)
  Rendered /home/mybms/.rvm/gems/ruby-2.2.3@rails4/gems/web-console-2.3.0/lib/web_console/templates/error_page.js.erb within layouts/javascript (1.0ms)
  Rendered /home/mybms/.rvm/gems/ruby-2.2.3@rails4/gems/web-console-2.3.0/lib/web_console/templates/index.html.erb (74.2ms)


Started GET "/" for 127.0.0.1 at 2016-03-01 12:12:38 +0530
Processing by PagesController#home as HTML
  Rendered pages/home.html.erb within layouts/application (0.9ms)
Completed 200 OK in 76ms (Views: 74.5ms | ActiveRecord: 0.0ms)


Started GET "/assets/pages.self-e3b0c44298fc1c149afbf4c8996fb92427ae41e4649b934ca495991b7852b855.css?body=1" for 127.0.0.1 at 2016-03-01 12:12:38 +0530


Started GET "/assets/application.self-e80e8f2318043e8af94dddc2adad5a4f09739a8ebb323b3ab31cd71d45fd9113.css?body=1" for 127.0.0.1 at 2016-03-01 12:12:38 +0530


Started GET "/assets/jquery.self-c64a74367bda6ef8b860f19e74df08927ca99d2be2ac934e9e92d5fd361e0da4.js?body=1" for 127.0.0.1 at 2016-03-01 12:12:39 +0530


Started GET "/assets/jquery_ujs.self-d602bdfe68ffc63b9f9cc512872aa3cfff046228a0a36e90dd476e8ef54c1b09.js?body=1" for 127.0.0.1 at 2016-03-01 12:12:39 +0530


Started GET "/assets/turbolinks.self-c37727e9bd6b2735da5c311aa83fead54ed0be6cc8bd9a65309e9c5abe2cbfff.js?body=1" for 127.0.0.1 at 2016-03-01 12:12:39 +0530


Started GET "/assets/pages.self-877aef30ae1b040ab8a3aba4e3e309a11d7f2612f44dde450b5c157aa5f95c05.js?body=1" for 127.0.0.1 at 2016-03-01 12:12:39 +0530


Started GET "/assets/application.self-3b8dabdc891efe46b9a144b400ad69e37d7e5876bdc39dee783419a69d7ca819.js?body=1" for 127.0.0.1 at 2016-03-01 12:12:39 +0530


Started GET "/pages/contact" for 127.0.0.1 at 2016-03-01 12:14:37 +0530
Processing by PagesController#contact as HTML
  Rendered pages/contact.html.erb within layouts/application (0.7ms)
Completed 200 OK in 51ms (Views: 49.5ms | ActiveRecord: 0.0ms)


Started GET "/pages/about" for 127.0.0.1 at 2016-03-01 12:14:48 +0530
Processing by PagesController#about as HTML
  Rendered pages/about.html.erb within layouts/application (0.7ms)
Completed 200 OK in 57ms (Views: 55.8ms | ActiveRecord: 0.0ms)


Started GET "/" for 127.0.0.1 at 2016-03-01 12:14:54 +0530
Processing by PagesController#home as HTML
  Rendered pages/home.html.erb within layouts/application (0.2ms)
Completed 200 OK in 50ms (Views: 49.1ms | ActiveRecord: 0.0ms)
